#!ipxe

set username P41                                     
set password P41

menu IPXE Boot MENU
item iscsi iSCSI
item pe PE
choose --timeout 1 --default iscsi selected
goto ${selected}

:iscsi
sanboot iscsi:192.168.255.101:::1:p41:win7

:pe
sanhook --drive 0x80 iscsi:192.168.255.101:::1:p41:win7
#sanboot --drive 0x81 iscsi:192.168.255.100:::1:win7install
set server 192.168.255.100:10241
kernel tftp://${dhcp-server}/tools/wimboot
#initrd tftp://${dhcp-server}/tools/bootmgr bootmgr
#initrd tftp://${dhcp-server}/tools/bcd bcd
#initrd tftp://${dhcp-server}/tools/boot.sdi boot.sdi
#initrd http://${server}/winpeshl.ini winpeshl.ini
initrd http://${server}/boot.wim boot.wim
boot
